CRITICAL - 2022-09-24 14:28:13 --> Invalid file: contactoPrueba.php
#0 C:\xampp\htdocs\CI4\system\View\View.php(198): CodeIgniter\Exceptions\FrameworkException::forInvalidFile('contactoPrueba....')
#1 C:\xampp\htdocs\CI4\system\Common.php(1089): CodeIgniter\View\View->render('contactoPrueba', Array, true)
#2 C:\xampp\htdocs\CI4\app\Controllers\Home.php(13): view('contactoPrueba')
#3 C:\xampp\htdocs\CI4\system\CodeIgniter.php(832): App\Controllers\Home->contacto()
#4 C:\xampp\htdocs\CI4\system\CodeIgniter.php(419): CodeIgniter\CodeIgniter->runController(Object(App\Controllers\Home))
#5 C:\xampp\htdocs\CI4\system\CodeIgniter.php(326): CodeIgniter\CodeIgniter->handleRequest(NULL, Object(Config\Cache), false)
#6 C:\xampp\htdocs\CI4\index.php(37): CodeIgniter\CodeIgniter->run()
#7 {main}
CRITICAL - 2022-09-24 14:29:15 --> Invalid file: contactoPrueba.php
#0 C:\xampp\htdocs\CI4\system\View\View.php(198): CodeIgniter\Exceptions\FrameworkException::forInvalidFile('contactoPrueba....')
#1 C:\xampp\htdocs\CI4\system\Common.php(1089): CodeIgniter\View\View->render('contactoPrueba', Array, true)
#2 C:\xampp\htdocs\CI4\app\Controllers\Home.php(13): view('contactoPrueba')
#3 C:\xampp\htdocs\CI4\system\CodeIgniter.php(832): App\Controllers\Home->contacto()
#4 C:\xampp\htdocs\CI4\system\CodeIgniter.php(419): CodeIgniter\CodeIgniter->runController(Object(App\Controllers\Home))
#5 C:\xampp\htdocs\CI4\system\CodeIgniter.php(326): CodeIgniter\CodeIgniter->handleRequest(NULL, Object(Config\Cache), false)
#6 C:\xampp\htdocs\CI4\index.php(37): CodeIgniter\CodeIgniter->run()
#7 {main}
CRITICAL - 2022-09-24 14:31:26 --> Invalid file: contactoPrueba.php
#0 C:\xampp\htdocs\CI4\system\View\View.php(198): CodeIgniter\Exceptions\FrameworkException::forInvalidFile('contactoPrueba....')
#1 C:\xampp\htdocs\CI4\system\Common.php(1089): CodeIgniter\View\View->render('contactoPrueba', Array, true)
#2 C:\xampp\htdocs\CI4\app\Controllers\Home.php(13): view('contactoPrueba')
#3 C:\xampp\htdocs\CI4\system\CodeIgniter.php(832): App\Controllers\Home->contacto()
#4 C:\xampp\htdocs\CI4\system\CodeIgniter.php(419): CodeIgniter\CodeIgniter->runController(Object(App\Controllers\Home))
#5 C:\xampp\htdocs\CI4\system\CodeIgniter.php(326): CodeIgniter\CodeIgniter->handleRequest(NULL, Object(Config\Cache), false)
#6 C:\xampp\htdocs\CI4\index.php(37): CodeIgniter\CodeIgniter->run()
#7 {main}
CRITICAL - 2022-09-24 14:31:27 --> Invalid file: contactoPrueba.php
#0 C:\xampp\htdocs\CI4\system\View\View.php(198): CodeIgniter\Exceptions\FrameworkException::forInvalidFile('contactoPrueba....')
#1 C:\xampp\htdocs\CI4\system\Common.php(1089): CodeIgniter\View\View->render('contactoPrueba', Array, true)
#2 C:\xampp\htdocs\CI4\app\Controllers\Home.php(13): view('contactoPrueba')
#3 C:\xampp\htdocs\CI4\system\CodeIgniter.php(832): App\Controllers\Home->contacto()
#4 C:\xampp\htdocs\CI4\system\CodeIgniter.php(419): CodeIgniter\CodeIgniter->runController(Object(App\Controllers\Home))
#5 C:\xampp\htdocs\CI4\system\CodeIgniter.php(326): CodeIgniter\CodeIgniter->handleRequest(NULL, Object(Config\Cache), false)
#6 C:\xampp\htdocs\CI4\index.php(37): CodeIgniter\CodeIgniter->run()
#7 {main}
CRITICAL - 2022-09-24 14:31:27 --> Invalid file: contactoPrueba.php
#0 C:\xampp\htdocs\CI4\system\View\View.php(198): CodeIgniter\Exceptions\FrameworkException::forInvalidFile('contactoPrueba....')
#1 C:\xampp\htdocs\CI4\system\Common.php(1089): CodeIgniter\View\View->render('contactoPrueba', Array, true)
#2 C:\xampp\htdocs\CI4\app\Controllers\Home.php(13): view('contactoPrueba')
#3 C:\xampp\htdocs\CI4\system\CodeIgniter.php(832): App\Controllers\Home->contacto()
#4 C:\xampp\htdocs\CI4\system\CodeIgniter.php(419): CodeIgniter\CodeIgniter->runController(Object(App\Controllers\Home))
#5 C:\xampp\htdocs\CI4\system\CodeIgniter.php(326): CodeIgniter\CodeIgniter->handleRequest(NULL, Object(Config\Cache), false)
#6 C:\xampp\htdocs\CI4\index.php(37): CodeIgniter\CodeIgniter->run()
#7 {main}
CRITICAL - 2022-09-24 14:31:28 --> Invalid file: contactoPrueba.php
#0 C:\xampp\htdocs\CI4\system\View\View.php(198): CodeIgniter\Exceptions\FrameworkException::forInvalidFile('contactoPrueba....')
#1 C:\xampp\htdocs\CI4\system\Common.php(1089): CodeIgniter\View\View->render('contactoPrueba', Array, true)
#2 C:\xampp\htdocs\CI4\app\Controllers\Home.php(13): view('contactoPrueba')
#3 C:\xampp\htdocs\CI4\system\CodeIgniter.php(832): App\Controllers\Home->contacto()
#4 C:\xampp\htdocs\CI4\system\CodeIgniter.php(419): CodeIgniter\CodeIgniter->runController(Object(App\Controllers\Home))
#5 C:\xampp\htdocs\CI4\system\CodeIgniter.php(326): CodeIgniter\CodeIgniter->handleRequest(NULL, Object(Config\Cache), false)
#6 C:\xampp\htdocs\CI4\index.php(37): CodeIgniter\CodeIgniter->run()
#7 {main}
CRITICAL - 2022-09-24 16:41:04 --> Use of undefined constant base_url - assumed 'base_url' (this will throw an Error in a future version of PHP)
#0 C:\xampp\htdocs\CI4\app\Views\clubRugby\inicio.php(5): CodeIgniter\Debug\Exceptions->errorHandler(2, 'Use of undefine...', 'C:\\xampp\\htdocs...', 5, Array)
#1 C:\xampp\htdocs\CI4\system\View\View.php(210): include('C:\\xampp\\htdocs...')
#2 C:\xampp\htdocs\CI4\system\View\View.php(213): CodeIgniter\View\View->CodeIgniter\View\{closure}()
#3 C:\xampp\htdocs\CI4\system\Common.php(1089): CodeIgniter\View\View->render('clubRugby/inici...', Array, true)
#4 C:\xampp\htdocs\CI4\app\Controllers\ClubDeRugby.php(10): view('clubRugby/inici...')
#5 C:\xampp\htdocs\CI4\system\CodeIgniter.php(832): App\Controllers\ClubDeRugby->index()
#6 C:\xampp\htdocs\CI4\system\CodeIgniter.php(419): CodeIgniter\CodeIgniter->runController(Object(App\Controllers\ClubDeRugby))
#7 C:\xampp\htdocs\CI4\system\CodeIgniter.php(326): CodeIgniter\CodeIgniter->handleRequest(NULL, Object(Config\Cache), false)
#8 C:\xampp\htdocs\CI4\index.php(37): CodeIgniter\CodeIgniter->run()
#9 {main}
CRITICAL - 2022-09-24 16:41:09 --> Use of undefined constant base_url - assumed 'base_url' (this will throw an Error in a future version of PHP)
#0 C:\xampp\htdocs\CI4\app\Views\clubRugby\inicio.php(5): CodeIgniter\Debug\Exceptions->errorHandler(2, 'Use of undefine...', 'C:\\xampp\\htdocs...', 5, Array)
#1 C:\xampp\htdocs\CI4\system\View\View.php(210): include('C:\\xampp\\htdocs...')
#2 C:\xampp\htdocs\CI4\system\View\View.php(213): CodeIgniter\View\View->CodeIgniter\View\{closure}()
#3 C:\xampp\htdocs\CI4\system\Common.php(1089): CodeIgniter\View\View->render('clubRugby/inici...', Array, true)
#4 C:\xampp\htdocs\CI4\app\Controllers\ClubDeRugby.php(10): view('clubRugby/inici...')
#5 C:\xampp\htdocs\CI4\system\CodeIgniter.php(832): App\Controllers\ClubDeRugby->index()
#6 C:\xampp\htdocs\CI4\system\CodeIgniter.php(419): CodeIgniter\CodeIgniter->runController(Object(App\Controllers\ClubDeRugby))
#7 C:\xampp\htdocs\CI4\system\CodeIgniter.php(326): CodeIgniter\CodeIgniter->handleRequest(NULL, Object(Config\Cache), false)
#8 C:\xampp\htdocs\CI4\index.php(37): CodeIgniter\CodeIgniter->run()
#9 {main}
