CRITICAL - 2022-10-18 16:01:42 --> Undefined variable $lista
#0 C:\xampp\htdocs\CI4\app\Views\clubRugby\listadoSocios.php(62): CodeIgniter\Debug\Exceptions->errorHandler(2, 'Undefined varia...', 'C:\\xampp\\htdocs...', 62)
#1 C:\xampp\htdocs\CI4\system\View\View.php(210): include('C:\\xampp\\htdocs...')
#2 C:\xampp\htdocs\CI4\system\View\View.php(213): CodeIgniter\View\View->CodeIgniter\View\{closure}()
#3 C:\xampp\htdocs\CI4\system\Common.php(1089): CodeIgniter\View\View->render('clubRugby/lista...', Array, true)
#4 C:\xampp\htdocs\CI4\app\Controllers\ClubDeRugby.php(27): view('clubRugby/lista...', Array)
#5 C:\xampp\htdocs\CI4\system\CodeIgniter.php(832): App\Controllers\ClubDeRugby->verListado()
#6 C:\xampp\htdocs\CI4\system\CodeIgniter.php(419): CodeIgniter\CodeIgniter->runController(Object(App\Controllers\ClubDeRugby))
#7 C:\xampp\htdocs\CI4\system\CodeIgniter.php(326): CodeIgniter\CodeIgniter->handleRequest(NULL, Object(Config\Cache), false)
#8 C:\xampp\htdocs\CI4\index.php(37): CodeIgniter\CodeIgniter->run()
#9 {main}
CRITICAL - 2022-10-18 16:03:18 --> Undefined variable $lista
#0 C:\xampp\htdocs\CI4\app\Views\clubRugby\listadoSocios.php(62): CodeIgniter\Debug\Exceptions->errorHandler(2, 'Undefined varia...', 'C:\\xampp\\htdocs...', 62)
#1 C:\xampp\htdocs\CI4\system\View\View.php(210): include('C:\\xampp\\htdocs...')
#2 C:\xampp\htdocs\CI4\system\View\View.php(213): CodeIgniter\View\View->CodeIgniter\View\{closure}()
#3 C:\xampp\htdocs\CI4\system\Common.php(1089): CodeIgniter\View\View->render('clubRugby/lista...', Array, true)
#4 C:\xampp\htdocs\CI4\app\Controllers\ClubDeRugby.php(27): view('clubRugby/lista...', Array)
#5 C:\xampp\htdocs\CI4\system\CodeIgniter.php(832): App\Controllers\ClubDeRugby->verListado()
#6 C:\xampp\htdocs\CI4\system\CodeIgniter.php(419): CodeIgniter\CodeIgniter->runController(Object(App\Controllers\ClubDeRugby))
#7 C:\xampp\htdocs\CI4\system\CodeIgniter.php(326): CodeIgniter\CodeIgniter->handleRequest(NULL, Object(Config\Cache), false)
#8 C:\xampp\htdocs\CI4\index.php(37): CodeIgniter\CodeIgniter->run()
#9 {main}
CRITICAL - 2022-10-18 16:03:20 --> Undefined variable $lista
#0 C:\xampp\htdocs\CI4\app\Views\clubRugby\listadoSocios.php(62): CodeIgniter\Debug\Exceptions->errorHandler(2, 'Undefined varia...', 'C:\\xampp\\htdocs...', 62)
#1 C:\xampp\htdocs\CI4\system\View\View.php(210): include('C:\\xampp\\htdocs...')
#2 C:\xampp\htdocs\CI4\system\View\View.php(213): CodeIgniter\View\View->CodeIgniter\View\{closure}()
#3 C:\xampp\htdocs\CI4\system\Common.php(1089): CodeIgniter\View\View->render('clubRugby/lista...', Array, true)
#4 C:\xampp\htdocs\CI4\app\Controllers\ClubDeRugby.php(27): view('clubRugby/lista...', Array)
#5 C:\xampp\htdocs\CI4\system\CodeIgniter.php(832): App\Controllers\ClubDeRugby->verListado()
#6 C:\xampp\htdocs\CI4\system\CodeIgniter.php(419): CodeIgniter\CodeIgniter->runController(Object(App\Controllers\ClubDeRugby))
#7 C:\xampp\htdocs\CI4\system\CodeIgniter.php(326): CodeIgniter\CodeIgniter->handleRequest(NULL, Object(Config\Cache), false)
#8 C:\xampp\htdocs\CI4\index.php(37): CodeIgniter\CodeIgniter->run()
#9 {main}
CRITICAL - 2022-10-18 16:09:10 --> Undefined variable $lista
#0 C:\xampp\htdocs\CI4\app\Views\clubRugby\listadoSocios.php(62): CodeIgniter\Debug\Exceptions->errorHandler(2, 'Undefined varia...', 'C:\\xampp\\htdocs...', 62)
#1 C:\xampp\htdocs\CI4\system\View\View.php(210): include('C:\\xampp\\htdocs...')
#2 C:\xampp\htdocs\CI4\system\View\View.php(213): CodeIgniter\View\View->CodeIgniter\View\{closure}()
#3 C:\xampp\htdocs\CI4\system\Common.php(1089): CodeIgniter\View\View->render('clubRugby/lista...', Array, true)
#4 C:\xampp\htdocs\CI4\app\Controllers\ClubDeRugby.php(27): view('clubRugby/lista...', Array)
#5 C:\xampp\htdocs\CI4\system\CodeIgniter.php(832): App\Controllers\ClubDeRugby->verListado()
#6 C:\xampp\htdocs\CI4\system\CodeIgniter.php(419): CodeIgniter\CodeIgniter->runController(Object(App\Controllers\ClubDeRugby))
#7 C:\xampp\htdocs\CI4\system\CodeIgniter.php(326): CodeIgniter\CodeIgniter->handleRequest(NULL, Object(Config\Cache), false)
#8 C:\xampp\htdocs\CI4\index.php(37): CodeIgniter\CodeIgniter->run()
#9 {main}
CRITICAL - 2022-10-18 16:11:07 --> Undefined array key "w1"
#0 C:\xampp\htdocs\CI4\app\Views\clubRugby\listadoSocios.php(57): CodeIgniter\Debug\Exceptions->errorHandler(2, 'Undefined array...', 'C:\\xampp\\htdocs...', 57)
#1 C:\xampp\htdocs\CI4\system\View\View.php(210): include('C:\\xampp\\htdocs...')
#2 C:\xampp\htdocs\CI4\system\View\View.php(213): CodeIgniter\View\View->CodeIgniter\View\{closure}()
#3 C:\xampp\htdocs\CI4\system\Common.php(1089): CodeIgniter\View\View->render('clubRugby/lista...', Array, true)
#4 C:\xampp\htdocs\CI4\app\Controllers\ClubDeRugby.php(27): view('clubRugby/lista...', Array)
#5 C:\xampp\htdocs\CI4\system\CodeIgniter.php(832): App\Controllers\ClubDeRugby->verListado()
#6 C:\xampp\htdocs\CI4\system\CodeIgniter.php(419): CodeIgniter\CodeIgniter->runController(Object(App\Controllers\ClubDeRugby))
#7 C:\xampp\htdocs\CI4\system\CodeIgniter.php(326): CodeIgniter\CodeIgniter->handleRequest(NULL, Object(Config\Cache), false)
#8 C:\xampp\htdocs\CI4\index.php(37): CodeIgniter\CodeIgniter->run()
#9 {main}
CRITICAL - 2022-10-18 16:13:38 --> Undefined array key "w1"
#0 C:\xampp\htdocs\CI4\app\Views\clubRugby\listadoSocios.php(57): CodeIgniter\Debug\Exceptions->errorHandler(2, 'Undefined array...', 'C:\\xampp\\htdocs...', 57)
#1 C:\xampp\htdocs\CI4\system\View\View.php(210): include('C:\\xampp\\htdocs...')
#2 C:\xampp\htdocs\CI4\system\View\View.php(213): CodeIgniter\View\View->CodeIgniter\View\{closure}()
#3 C:\xampp\htdocs\CI4\system\Common.php(1089): CodeIgniter\View\View->render('clubRugby/lista...', Array, true)
#4 C:\xampp\htdocs\CI4\app\Controllers\ClubDeRugby.php(27): view('clubRugby/lista...', Array)
#5 C:\xampp\htdocs\CI4\system\CodeIgniter.php(832): App\Controllers\ClubDeRugby->verListado()
#6 C:\xampp\htdocs\CI4\system\CodeIgniter.php(419): CodeIgniter\CodeIgniter->runController(Object(App\Controllers\ClubDeRugby))
#7 C:\xampp\htdocs\CI4\system\CodeIgniter.php(326): CodeIgniter\CodeIgniter->handleRequest(NULL, Object(Config\Cache), false)
#8 C:\xampp\htdocs\CI4\index.php(37): CodeIgniter\CodeIgniter->run()
#9 {main}
CRITICAL - 2022-10-18 16:15:24 --> Undefined array key "w1"
#0 C:\xampp\htdocs\CI4\app\Views\clubRugby\listadoSocios.php(57): CodeIgniter\Debug\Exceptions->errorHandler(2, 'Undefined array...', 'C:\\xampp\\htdocs...', 57)
#1 C:\xampp\htdocs\CI4\system\View\View.php(210): include('C:\\xampp\\htdocs...')
#2 C:\xampp\htdocs\CI4\system\View\View.php(213): CodeIgniter\View\View->CodeIgniter\View\{closure}()
#3 C:\xampp\htdocs\CI4\system\Common.php(1089): CodeIgniter\View\View->render('clubRugby/lista...', Array, true)
#4 C:\xampp\htdocs\CI4\app\Controllers\ClubDeRugby.php(27): view('clubRugby/lista...', Array)
#5 C:\xampp\htdocs\CI4\system\CodeIgniter.php(832): App\Controllers\ClubDeRugby->verListado()
#6 C:\xampp\htdocs\CI4\system\CodeIgniter.php(419): CodeIgniter\CodeIgniter->runController(Object(App\Controllers\ClubDeRugby))
#7 C:\xampp\htdocs\CI4\system\CodeIgniter.php(326): CodeIgniter\CodeIgniter->handleRequest(NULL, Object(Config\Cache), false)
#8 C:\xampp\htdocs\CI4\index.php(37): CodeIgniter\CodeIgniter->run()
#9 {main}
CRITICAL - 2022-10-18 16:21:18 --> Undefined array key "torneo"
#0 C:\xampp\htdocs\CI4\app\Views\clubRugby\listadoSocios.php(57): CodeIgniter\Debug\Exceptions->errorHandler(2, 'Undefined array...', 'C:\\xampp\\htdocs...', 57)
#1 C:\xampp\htdocs\CI4\system\View\View.php(210): include('C:\\xampp\\htdocs...')
#2 C:\xampp\htdocs\CI4\system\View\View.php(213): CodeIgniter\View\View->CodeIgniter\View\{closure}()
#3 C:\xampp\htdocs\CI4\system\Common.php(1089): CodeIgniter\View\View->render('clubRugby/lista...', Array, true)
#4 C:\xampp\htdocs\CI4\app\Controllers\ClubDeRugby.php(27): view('clubRugby/lista...', Array)
#5 C:\xampp\htdocs\CI4\system\CodeIgniter.php(832): App\Controllers\ClubDeRugby->verListado()
#6 C:\xampp\htdocs\CI4\system\CodeIgniter.php(419): CodeIgniter\CodeIgniter->runController(Object(App\Controllers\ClubDeRugby))
#7 C:\xampp\htdocs\CI4\system\CodeIgniter.php(326): CodeIgniter\CodeIgniter->handleRequest(NULL, Object(Config\Cache), false)
#8 C:\xampp\htdocs\CI4\index.php(37): CodeIgniter\CodeIgniter->run()
#9 {main}
CRITICAL - 2022-10-18 16:21:31 --> Undefined array key "torneo"
#0 C:\xampp\htdocs\CI4\app\Views\clubRugby\listadoSocios.php(57): CodeIgniter\Debug\Exceptions->errorHandler(2, 'Undefined array...', 'C:\\xampp\\htdocs...', 57)
#1 C:\xampp\htdocs\CI4\system\View\View.php(210): include('C:\\xampp\\htdocs...')
#2 C:\xampp\htdocs\CI4\system\View\View.php(213): CodeIgniter\View\View->CodeIgniter\View\{closure}()
#3 C:\xampp\htdocs\CI4\system\Common.php(1089): CodeIgniter\View\View->render('clubRugby/lista...', Array, true)
#4 C:\xampp\htdocs\CI4\app\Controllers\ClubDeRugby.php(27): view('clubRugby/lista...', Array)
#5 C:\xampp\htdocs\CI4\system\CodeIgniter.php(832): App\Controllers\ClubDeRugby->verListado()
#6 C:\xampp\htdocs\CI4\system\CodeIgniter.php(419): CodeIgniter\CodeIgniter->runController(Object(App\Controllers\ClubDeRugby))
#7 C:\xampp\htdocs\CI4\system\CodeIgniter.php(326): CodeIgniter\CodeIgniter->handleRequest(NULL, Object(Config\Cache), false)
#8 C:\xampp\htdocs\CI4\index.php(37): CodeIgniter\CodeIgniter->run()
#9 {main}
CRITICAL - 2022-10-18 16:26:32 --> Undefined array key "torneo"
#0 C:\xampp\htdocs\CI4\app\Views\clubRugby\listadoSocios.php(57): CodeIgniter\Debug\Exceptions->errorHandler(2, 'Undefined array...', 'C:\\xampp\\htdocs...', 57)
#1 C:\xampp\htdocs\CI4\system\View\View.php(210): include('C:\\xampp\\htdocs...')
#2 C:\xampp\htdocs\CI4\system\View\View.php(213): CodeIgniter\View\View->CodeIgniter\View\{closure}()
#3 C:\xampp\htdocs\CI4\system\Common.php(1089): CodeIgniter\View\View->render('clubRugby/lista...', Array, true)
#4 C:\xampp\htdocs\CI4\app\Controllers\ClubDeRugby.php(27): view('clubRugby/lista...', Array)
#5 C:\xampp\htdocs\CI4\system\CodeIgniter.php(832): App\Controllers\ClubDeRugby->verListado()
#6 C:\xampp\htdocs\CI4\system\CodeIgniter.php(419): CodeIgniter\CodeIgniter->runController(Object(App\Controllers\ClubDeRugby))
#7 C:\xampp\htdocs\CI4\system\CodeIgniter.php(326): CodeIgniter\CodeIgniter->handleRequest(NULL, Object(Config\Cache), false)
#8 C:\xampp\htdocs\CI4\index.php(37): CodeIgniter\CodeIgniter->run()
#9 {main}
CRITICAL - 2022-10-18 16:29:43 --> Undefined array key "torneo"
#0 C:\xampp\htdocs\CI4\app\Views\clubRugby\listadoSocios.php(56): CodeIgniter\Debug\Exceptions->errorHandler(2, 'Undefined array...', 'C:\\xampp\\htdocs...', 56)
#1 C:\xampp\htdocs\CI4\system\View\View.php(210): include('C:\\xampp\\htdocs...')
#2 C:\xampp\htdocs\CI4\system\View\View.php(213): CodeIgniter\View\View->CodeIgniter\View\{closure}()
#3 C:\xampp\htdocs\CI4\system\Common.php(1089): CodeIgniter\View\View->render('clubRugby/lista...', Array, true)
#4 C:\xampp\htdocs\CI4\app\Controllers\ClubDeRugby.php(27): view('clubRugby/lista...', Array)
#5 C:\xampp\htdocs\CI4\system\CodeIgniter.php(832): App\Controllers\ClubDeRugby->verListado()
#6 C:\xampp\htdocs\CI4\system\CodeIgniter.php(419): CodeIgniter\CodeIgniter->runController(Object(App\Controllers\ClubDeRugby))
#7 C:\xampp\htdocs\CI4\system\CodeIgniter.php(326): CodeIgniter\CodeIgniter->handleRequest(NULL, Object(Config\Cache), false)
#8 C:\xampp\htdocs\CI4\index.php(37): CodeIgniter\CodeIgniter->run()
#9 {main}
CRITICAL - 2022-10-18 16:30:38 --> Undefined array key "w1"
#0 C:\xampp\htdocs\CI4\app\Views\clubRugby\listadoSocios.php(56): CodeIgniter\Debug\Exceptions->errorHandler(2, 'Undefined array...', 'C:\\xampp\\htdocs...', 56)
#1 C:\xampp\htdocs\CI4\system\View\View.php(210): include('C:\\xampp\\htdocs...')
#2 C:\xampp\htdocs\CI4\system\View\View.php(213): CodeIgniter\View\View->CodeIgniter\View\{closure}()
#3 C:\xampp\htdocs\CI4\system\Common.php(1089): CodeIgniter\View\View->render('clubRugby/lista...', Array, true)
#4 C:\xampp\htdocs\CI4\app\Controllers\ClubDeRugby.php(27): view('clubRugby/lista...', Array)
#5 C:\xampp\htdocs\CI4\system\CodeIgniter.php(832): App\Controllers\ClubDeRugby->verListado()
#6 C:\xampp\htdocs\CI4\system\CodeIgniter.php(419): CodeIgniter\CodeIgniter->runController(Object(App\Controllers\ClubDeRugby))
#7 C:\xampp\htdocs\CI4\system\CodeIgniter.php(326): CodeIgniter\CodeIgniter->handleRequest(NULL, Object(Config\Cache), false)
#8 C:\xampp\htdocs\CI4\index.php(37): CodeIgniter\CodeIgniter->run()
#9 {main}
CRITICAL - 2022-10-18 17:09:09 --> Undefined variable $lista
#0 C:\xampp\htdocs\CI4\app\Views\clubRugby\listadoSocios.php(58): CodeIgniter\Debug\Exceptions->errorHandler(2, 'Undefined varia...', 'C:\\xampp\\htdocs...', 58)
#1 C:\xampp\htdocs\CI4\system\View\View.php(210): include('C:\\xampp\\htdocs...')
#2 C:\xampp\htdocs\CI4\system\View\View.php(213): CodeIgniter\View\View->CodeIgniter\View\{closure}()
#3 C:\xampp\htdocs\CI4\system\Common.php(1089): CodeIgniter\View\View->render('clubRugby/lista...', Array, true)
#4 C:\xampp\htdocs\CI4\app\Controllers\ClubDeRugby.php(27): view('clubRugby/lista...', Array)
#5 C:\xampp\htdocs\CI4\system\CodeIgniter.php(832): App\Controllers\ClubDeRugby->verListado()
#6 C:\xampp\htdocs\CI4\system\CodeIgniter.php(419): CodeIgniter\CodeIgniter->runController(Object(App\Controllers\ClubDeRugby))
#7 C:\xampp\htdocs\CI4\system\CodeIgniter.php(326): CodeIgniter\CodeIgniter->handleRequest(NULL, Object(Config\Cache), false)
#8 C:\xampp\htdocs\CI4\index.php(37): CodeIgniter\CodeIgniter->run()
#9 {main}
CRITICAL - 2022-10-18 17:18:52 --> Undefined variable $categoria
#0 C:\xampp\htdocs\CI4\app\Views\clubRugby\listadoSocios.php(63): CodeIgniter\Debug\Exceptions->errorHandler(2, 'Undefined varia...', 'C:\\xampp\\htdocs...', 63)
#1 C:\xampp\htdocs\CI4\system\View\View.php(210): include('C:\\xampp\\htdocs...')
#2 C:\xampp\htdocs\CI4\system\View\View.php(213): CodeIgniter\View\View->CodeIgniter\View\{closure}()
#3 C:\xampp\htdocs\CI4\system\Common.php(1089): CodeIgniter\View\View->render('clubRugby/lista...', Array, true)
#4 C:\xampp\htdocs\CI4\app\Controllers\ClubDeRugby.php(27): view('clubRugby/lista...', Array)
#5 C:\xampp\htdocs\CI4\system\CodeIgniter.php(832): App\Controllers\ClubDeRugby->verListado()
#6 C:\xampp\htdocs\CI4\system\CodeIgniter.php(419): CodeIgniter\CodeIgniter->runController(Object(App\Controllers\ClubDeRugby))
#7 C:\xampp\htdocs\CI4\system\CodeIgniter.php(326): CodeIgniter\CodeIgniter->handleRequest(NULL, Object(Config\Cache), false)
#8 C:\xampp\htdocs\CI4\index.php(37): CodeIgniter\CodeIgniter->run()
#9 {main}
CRITICAL - 2022-10-18 17:27:18 --> Undefined array key "w1"
#0 C:\xampp\htdocs\CI4\app\Views\clubRugby\listadoSocios.php(65): CodeIgniter\Debug\Exceptions->errorHandler(2, 'Undefined array...', 'C:\\xampp\\htdocs...', 65)
#1 C:\xampp\htdocs\CI4\system\View\View.php(210): include('C:\\xampp\\htdocs...')
#2 C:\xampp\htdocs\CI4\system\View\View.php(213): CodeIgniter\View\View->CodeIgniter\View\{closure}()
#3 C:\xampp\htdocs\CI4\system\Common.php(1089): CodeIgniter\View\View->render('clubRugby/lista...', Array, true)
#4 C:\xampp\htdocs\CI4\app\Controllers\ClubDeRugby.php(27): view('clubRugby/lista...', Array)
#5 C:\xampp\htdocs\CI4\system\CodeIgniter.php(832): App\Controllers\ClubDeRugby->verListado()
#6 C:\xampp\htdocs\CI4\system\CodeIgniter.php(419): CodeIgniter\CodeIgniter->runController(Object(App\Controllers\ClubDeRugby))
#7 C:\xampp\htdocs\CI4\system\CodeIgniter.php(326): CodeIgniter\CodeIgniter->handleRequest(NULL, Object(Config\Cache), false)
#8 C:\xampp\htdocs\CI4\index.php(37): CodeIgniter\CodeIgniter->run()
#9 {main}
CRITICAL - 2022-10-18 17:27:29 --> Undefined array key "w1"
#0 C:\xampp\htdocs\CI4\app\Views\clubRugby\listadoSocios.php(65): CodeIgniter\Debug\Exceptions->errorHandler(2, 'Undefined array...', 'C:\\xampp\\htdocs...', 65)
#1 C:\xampp\htdocs\CI4\system\View\View.php(210): include('C:\\xampp\\htdocs...')
#2 C:\xampp\htdocs\CI4\system\View\View.php(213): CodeIgniter\View\View->CodeIgniter\View\{closure}()
#3 C:\xampp\htdocs\CI4\system\Common.php(1089): CodeIgniter\View\View->render('clubRugby/lista...', Array, true)
#4 C:\xampp\htdocs\CI4\app\Controllers\ClubDeRugby.php(27): view('clubRugby/lista...', Array)
#5 C:\xampp\htdocs\CI4\system\CodeIgniter.php(832): App\Controllers\ClubDeRugby->verListado()
#6 C:\xampp\htdocs\CI4\system\CodeIgniter.php(419): CodeIgniter\CodeIgniter->runController(Object(App\Controllers\ClubDeRugby))
#7 C:\xampp\htdocs\CI4\system\CodeIgniter.php(326): CodeIgniter\CodeIgniter->handleRequest(NULL, Object(Config\Cache), false)
#8 C:\xampp\htdocs\CI4\index.php(37): CodeIgniter\CodeIgniter->run()
#9 {main}
CRITICAL - 2022-10-18 17:27:37 --> Undefined array key "w1"
#0 C:\xampp\htdocs\CI4\app\Views\clubRugby\listadoSocios.php(65): CodeIgniter\Debug\Exceptions->errorHandler(2, 'Undefined array...', 'C:\\xampp\\htdocs...', 65)
#1 C:\xampp\htdocs\CI4\system\View\View.php(210): include('C:\\xampp\\htdocs...')
#2 C:\xampp\htdocs\CI4\system\View\View.php(213): CodeIgniter\View\View->CodeIgniter\View\{closure}()
#3 C:\xampp\htdocs\CI4\system\Common.php(1089): CodeIgniter\View\View->render('clubRugby/lista...', Array, true)
#4 C:\xampp\htdocs\CI4\app\Controllers\ClubDeRugby.php(27): view('clubRugby/lista...', Array)
#5 C:\xampp\htdocs\CI4\system\CodeIgniter.php(832): App\Controllers\ClubDeRugby->verListado()
#6 C:\xampp\htdocs\CI4\system\CodeIgniter.php(419): CodeIgniter\CodeIgniter->runController(Object(App\Controllers\ClubDeRugby))
#7 C:\xampp\htdocs\CI4\system\CodeIgniter.php(326): CodeIgniter\CodeIgniter->handleRequest(NULL, Object(Config\Cache), false)
#8 C:\xampp\htdocs\CI4\index.php(37): CodeIgniter\CodeIgniter->run()
#9 {main}
CRITICAL - 2022-10-18 17:27:38 --> Undefined array key "w1"
#0 C:\xampp\htdocs\CI4\app\Views\clubRugby\listadoSocios.php(65): CodeIgniter\Debug\Exceptions->errorHandler(2, 'Undefined array...', 'C:\\xampp\\htdocs...', 65)
#1 C:\xampp\htdocs\CI4\system\View\View.php(210): include('C:\\xampp\\htdocs...')
#2 C:\xampp\htdocs\CI4\system\View\View.php(213): CodeIgniter\View\View->CodeIgniter\View\{closure}()
#3 C:\xampp\htdocs\CI4\system\Common.php(1089): CodeIgniter\View\View->render('clubRugby/lista...', Array, true)
#4 C:\xampp\htdocs\CI4\app\Controllers\ClubDeRugby.php(27): view('clubRugby/lista...', Array)
#5 C:\xampp\htdocs\CI4\system\CodeIgniter.php(832): App\Controllers\ClubDeRugby->verListado()
#6 C:\xampp\htdocs\CI4\system\CodeIgniter.php(419): CodeIgniter\CodeIgniter->runController(Object(App\Controllers\ClubDeRugby))
#7 C:\xampp\htdocs\CI4\system\CodeIgniter.php(326): CodeIgniter\CodeIgniter->handleRequest(NULL, Object(Config\Cache), false)
#8 C:\xampp\htdocs\CI4\index.php(37): CodeIgniter\CodeIgniter->run()
#9 {main}
CRITICAL - 2022-10-18 17:34:39 --> Undefined array key "torneo"
#0 C:\xampp\htdocs\CI4\app\Views\clubRugby\listadoSocios.php(65): CodeIgniter\Debug\Exceptions->errorHandler(2, 'Undefined array...', 'C:\\xampp\\htdocs...', 65)
#1 C:\xampp\htdocs\CI4\system\View\View.php(210): include('C:\\xampp\\htdocs...')
#2 C:\xampp\htdocs\CI4\system\View\View.php(213): CodeIgniter\View\View->CodeIgniter\View\{closure}()
#3 C:\xampp\htdocs\CI4\system\Common.php(1089): CodeIgniter\View\View->render('clubRugby/lista...', Array, true)
#4 C:\xampp\htdocs\CI4\app\Controllers\ClubDeRugby.php(27): view('clubRugby/lista...', Array)
#5 C:\xampp\htdocs\CI4\system\CodeIgniter.php(832): App\Controllers\ClubDeRugby->verListado()
#6 C:\xampp\htdocs\CI4\system\CodeIgniter.php(419): CodeIgniter\CodeIgniter->runController(Object(App\Controllers\ClubDeRugby))
#7 C:\xampp\htdocs\CI4\system\CodeIgniter.php(326): CodeIgniter\CodeIgniter->handleRequest(NULL, Object(Config\Cache), false)
#8 C:\xampp\htdocs\CI4\index.php(37): CodeIgniter\CodeIgniter->run()
#9 {main}
CRITICAL - 2022-10-18 18:02:10 --> Undefined array key "torneo"
#0 C:\xampp\htdocs\CI4\app\Views\clubRugby\listadoSocios.php(65): CodeIgniter\Debug\Exceptions->errorHandler(2, 'Undefined array...', 'C:\\xampp\\htdocs...', 65)
#1 C:\xampp\htdocs\CI4\system\View\View.php(210): include('C:\\xampp\\htdocs...')
#2 C:\xampp\htdocs\CI4\system\View\View.php(213): CodeIgniter\View\View->CodeIgniter\View\{closure}()
#3 C:\xampp\htdocs\CI4\system\Common.php(1089): CodeIgniter\View\View->render('clubRugby/lista...', Array, true)
#4 C:\xampp\htdocs\CI4\app\Controllers\ClubDeRugby.php(27): view('clubRugby/lista...', Array)
#5 C:\xampp\htdocs\CI4\system\CodeIgniter.php(832): App\Controllers\ClubDeRugby->verListado()
#6 C:\xampp\htdocs\CI4\system\CodeIgniter.php(419): CodeIgniter\CodeIgniter->runController(Object(App\Controllers\ClubDeRugby))
#7 C:\xampp\htdocs\CI4\system\CodeIgniter.php(326): CodeIgniter\CodeIgniter->handleRequest(NULL, Object(Config\Cache), false)
#8 C:\xampp\htdocs\CI4\index.php(37): CodeIgniter\CodeIgniter->run()
#9 {main}
CRITICAL - 2022-10-18 18:07:45 --> Undefined array key "torneo"
#0 C:\xampp\htdocs\CI4\app\Views\clubRugby\listadoSocios.php(65): CodeIgniter\Debug\Exceptions->errorHandler(2, 'Undefined array...', 'C:\\xampp\\htdocs...', 65)
#1 C:\xampp\htdocs\CI4\system\View\View.php(210): include('C:\\xampp\\htdocs...')
#2 C:\xampp\htdocs\CI4\system\View\View.php(213): CodeIgniter\View\View->CodeIgniter\View\{closure}()
#3 C:\xampp\htdocs\CI4\system\Common.php(1089): CodeIgniter\View\View->render('clubRugby/lista...', Array, true)
#4 C:\xampp\htdocs\CI4\app\Controllers\ClubDeRugby.php(27): view('clubRugby/lista...', Array)
#5 C:\xampp\htdocs\CI4\system\CodeIgniter.php(832): App\Controllers\ClubDeRugby->verListado()
#6 C:\xampp\htdocs\CI4\system\CodeIgniter.php(419): CodeIgniter\CodeIgniter->runController(Object(App\Controllers\ClubDeRugby))
#7 C:\xampp\htdocs\CI4\system\CodeIgniter.php(326): CodeIgniter\CodeIgniter->handleRequest(NULL, Object(Config\Cache), false)
#8 C:\xampp\htdocs\CI4\index.php(37): CodeIgniter\CodeIgniter->run()
#9 {main}
CRITICAL - 2022-10-18 18:07:56 --> Undefined array key "categoria"
#0 C:\xampp\htdocs\CI4\app\Views\clubRugby\listadoSocios.php(65): CodeIgniter\Debug\Exceptions->errorHandler(2, 'Undefined array...', 'C:\\xampp\\htdocs...', 65)
#1 C:\xampp\htdocs\CI4\system\View\View.php(210): include('C:\\xampp\\htdocs...')
#2 C:\xampp\htdocs\CI4\system\View\View.php(213): CodeIgniter\View\View->CodeIgniter\View\{closure}()
#3 C:\xampp\htdocs\CI4\system\Common.php(1089): CodeIgniter\View\View->render('clubRugby/lista...', Array, true)
#4 C:\xampp\htdocs\CI4\app\Controllers\ClubDeRugby.php(27): view('clubRugby/lista...', Array)
#5 C:\xampp\htdocs\CI4\system\CodeIgniter.php(832): App\Controllers\ClubDeRugby->verListado()
#6 C:\xampp\htdocs\CI4\system\CodeIgniter.php(419): CodeIgniter\CodeIgniter->runController(Object(App\Controllers\ClubDeRugby))
#7 C:\xampp\htdocs\CI4\system\CodeIgniter.php(326): CodeIgniter\CodeIgniter->handleRequest(NULL, Object(Config\Cache), false)
#8 C:\xampp\htdocs\CI4\index.php(37): CodeIgniter\CodeIgniter->run()
#9 {main}
CRITICAL - 2022-10-18 18:25:13 --> Undefined array key "torneo"
#0 C:\xampp\htdocs\CI4\app\Views\clubRugby\listadoSocios.php(90): CodeIgniter\Debug\Exceptions->errorHandler(2, 'Undefined array...', 'C:\\xampp\\htdocs...', 90)
#1 C:\xampp\htdocs\CI4\app\Views\clubRugby\listadoSocios.php(9): mostrar(Array)
#2 C:\xampp\htdocs\CI4\system\View\View.php(210): include('C:\\xampp\\htdocs...')
#3 C:\xampp\htdocs\CI4\system\View\View.php(213): CodeIgniter\View\View->CodeIgniter\View\{closure}()
#4 C:\xampp\htdocs\CI4\system\Common.php(1089): CodeIgniter\View\View->render('clubRugby/lista...', Array, true)
#5 C:\xampp\htdocs\CI4\app\Controllers\ClubDeRugby.php(27): view('clubRugby/lista...', Array)
#6 C:\xampp\htdocs\CI4\system\CodeIgniter.php(832): App\Controllers\ClubDeRugby->verListado()
#7 C:\xampp\htdocs\CI4\system\CodeIgniter.php(419): CodeIgniter\CodeIgniter->runController(Object(App\Controllers\ClubDeRugby))
#8 C:\xampp\htdocs\CI4\system\CodeIgniter.php(326): CodeIgniter\CodeIgniter->handleRequest(NULL, Object(Config\Cache), false)
#9 C:\xampp\htdocs\CI4\index.php(37): CodeIgniter\CodeIgniter->run()
#10 {main}
CRITICAL - 2022-10-18 19:55:24 --> Undefined array key "torneo"
#0 C:\xampp\htdocs\CI4\app\Views\clubRugby\listadoSocios.php(90): CodeIgniter\Debug\Exceptions->errorHandler(2, 'Undefined array...', 'C:\\xampp\\htdocs...', 90)
#1 C:\xampp\htdocs\CI4\app\Views\clubRugby\listadoSocios.php(9): mostrar(Array)
#2 C:\xampp\htdocs\CI4\system\View\View.php(210): include('C:\\xampp\\htdocs...')
#3 C:\xampp\htdocs\CI4\system\View\View.php(213): CodeIgniter\View\View->CodeIgniter\View\{closure}()
#4 C:\xampp\htdocs\CI4\system\Common.php(1089): CodeIgniter\View\View->render('clubRugby/lista...', Array, true)
#5 C:\xampp\htdocs\CI4\app\Controllers\ClubDeRugby.php(27): view('clubRugby/lista...', Array)
#6 C:\xampp\htdocs\CI4\system\CodeIgniter.php(832): App\Controllers\ClubDeRugby->verListado()
#7 C:\xampp\htdocs\CI4\system\CodeIgniter.php(419): CodeIgniter\CodeIgniter->runController(Object(App\Controllers\ClubDeRugby))
#8 C:\xampp\htdocs\CI4\system\CodeIgniter.php(326): CodeIgniter\CodeIgniter->handleRequest(NULL, Object(Config\Cache), false)
#9 C:\xampp\htdocs\CI4\index.php(37): CodeIgniter\CodeIgniter->run()
#10 {main}
