CRITICAL - 2022-11-16 12:57:20 -->  is_unique is not a valid rule.
#0 C:\xampp\htdocs\CI4\system\Validation\Validation.php(300): CodeIgniter\Validation\Exceptions\ValidationException::forRuleNotFound(' is_unique')
#1 C:\xampp\htdocs\CI4\system\Validation\Validation.php(157): CodeIgniter\Validation\Validation->processRules('dni', 'dni', '12342795', Array, Array)
#2 C:\xampp\htdocs\CI4\system\BaseModel.php(1347): CodeIgniter\Validation\Validation->run(Array, NULL, NULL)
#3 C:\xampp\htdocs\CI4\system\BaseModel.php(707): CodeIgniter\BaseModel->validate(Array)
#4 C:\xampp\htdocs\CI4\system\Model.php(625): CodeIgniter\BaseModel->insert(Array, true)
#5 C:\xampp\htdocs\CI4\app\Controllers\ClubDeRugby.php(73): CodeIgniter\Model->insert(Array)
#6 C:\xampp\htdocs\CI4\system\CodeIgniter.php(832): App\Controllers\ClubDeRugby->guarda()
#7 C:\xampp\htdocs\CI4\system\CodeIgniter.php(419): CodeIgniter\CodeIgniter->runController(Object(App\Controllers\ClubDeRugby))
#8 C:\xampp\htdocs\CI4\system\CodeIgniter.php(326): CodeIgniter\CodeIgniter->handleRequest(NULL, Object(Config\Cache), false)
#9 C:\xampp\htdocs\CI4\index.php(37): CodeIgniter\CodeIgniter->run()
#10 {main}
ERROR - 2022-11-16 13:11:36 --> You have an error in your SQL syntax; check the manual that corresponds to your MariaDB server version for the right syntax to use near ''12342795' at line 1
CRITICAL - 2022-11-16 13:11:36 --> You have an error in your SQL syntax; check the manual that corresponds to your MariaDB server version for the right syntax to use near ''12342795' at line 1
#0 C:\xampp\htdocs\CI4\system\Database\MySQLi\Connection.php(292): mysqli->query('SELECT   *  FRO...', 0)
#1 C:\xampp\htdocs\CI4\system\Database\BaseConnection.php(670): CodeIgniter\Database\MySQLi\Connection->execute('SELECT   *  FRO...')
#2 C:\xampp\htdocs\CI4\system\Database\BaseConnection.php(598): CodeIgniter\Database\BaseConnection->simpleQuery('SELECT   *  FRO...')
#3 C:\xampp\htdocs\CI4\app\Models\UserModel.php(40): CodeIgniter\Database\BaseConnection->query('SELECT   *  FRO...')
#4 C:\xampp\htdocs\CI4\app\Controllers\ClubDeRugby.php(71): App\Models\UserModel->dniFind('12342795')
#5 C:\xampp\htdocs\CI4\system\CodeIgniter.php(832): App\Controllers\ClubDeRugby->guarda()
#6 C:\xampp\htdocs\CI4\system\CodeIgniter.php(419): CodeIgniter\CodeIgniter->runController(Object(App\Controllers\ClubDeRugby))
#7 C:\xampp\htdocs\CI4\system\CodeIgniter.php(326): CodeIgniter\CodeIgniter->handleRequest(NULL, Object(Config\Cache), false)
#8 C:\xampp\htdocs\CI4\index.php(37): CodeIgniter\CodeIgniter->run()
#9 {main}
ERROR - 2022-11-16 13:12:25 --> You have an error in your SQL syntax; check the manual that corresponds to your MariaDB server version for the right syntax to use near ''12342795' at line 1
CRITICAL - 2022-11-16 13:12:25 --> You have an error in your SQL syntax; check the manual that corresponds to your MariaDB server version for the right syntax to use near ''12342795' at line 1
#0 C:\xampp\htdocs\CI4\system\Database\MySQLi\Connection.php(292): mysqli->query('SELECT   *  FRO...', 0)
#1 C:\xampp\htdocs\CI4\system\Database\BaseConnection.php(670): CodeIgniter\Database\MySQLi\Connection->execute('SELECT   *  FRO...')
#2 C:\xampp\htdocs\CI4\system\Database\BaseConnection.php(598): CodeIgniter\Database\BaseConnection->simpleQuery('SELECT   *  FRO...')
#3 C:\xampp\htdocs\CI4\app\Models\UserModel.php(40): CodeIgniter\Database\BaseConnection->query('SELECT   *  FRO...')
#4 C:\xampp\htdocs\CI4\app\Controllers\ClubDeRugby.php(71): App\Models\UserModel->dniFind('12342795')
#5 C:\xampp\htdocs\CI4\system\CodeIgniter.php(832): App\Controllers\ClubDeRugby->guarda()
#6 C:\xampp\htdocs\CI4\system\CodeIgniter.php(419): CodeIgniter\CodeIgniter->runController(Object(App\Controllers\ClubDeRugby))
#7 C:\xampp\htdocs\CI4\system\CodeIgniter.php(326): CodeIgniter\CodeIgniter->handleRequest(NULL, Object(Config\Cache), false)
#8 C:\xampp\htdocs\CI4\index.php(37): CodeIgniter\CodeIgniter->run()
#9 {main}
ERROR - 2022-11-16 13:17:58 --> You have an error in your SQL syntax; check the manual that corresponds to your MariaDB server version for the right syntax to use near ''12342795' at line 1
CRITICAL - 2022-11-16 13:17:58 --> You have an error in your SQL syntax; check the manual that corresponds to your MariaDB server version for the right syntax to use near ''12342795' at line 1
#0 C:\xampp\htdocs\CI4\system\Database\MySQLi\Connection.php(292): mysqli->query('SELECT   *  FRO...', 0)
#1 C:\xampp\htdocs\CI4\system\Database\BaseConnection.php(670): CodeIgniter\Database\MySQLi\Connection->execute('SELECT   *  FRO...')
#2 C:\xampp\htdocs\CI4\system\Database\BaseConnection.php(598): CodeIgniter\Database\BaseConnection->simpleQuery('SELECT   *  FRO...')
#3 C:\xampp\htdocs\CI4\app\Models\UserModel.php(40): CodeIgniter\Database\BaseConnection->query('SELECT   *  FRO...')
#4 C:\xampp\htdocs\CI4\app\Controllers\ClubDeRugby.php(71): App\Models\UserModel->dniFind('12342795')
#5 C:\xampp\htdocs\CI4\system\CodeIgniter.php(832): App\Controllers\ClubDeRugby->guarda()
#6 C:\xampp\htdocs\CI4\system\CodeIgniter.php(419): CodeIgniter\CodeIgniter->runController(Object(App\Controllers\ClubDeRugby))
#7 C:\xampp\htdocs\CI4\system\CodeIgniter.php(326): CodeIgniter\CodeIgniter->handleRequest(NULL, Object(Config\Cache), false)
#8 C:\xampp\htdocs\CI4\index.php(37): CodeIgniter\CodeIgniter->run()
#9 {main}
CRITICAL - 2022-11-16 13:23:48 --> Array to string conversion
#0 C:\xampp\htdocs\CI4\app\Controllers\ClubDeRugby.php(71): CodeIgniter\Debug\Exceptions->errorHandler(2, 'Array to string...', 'C:\\xampp\\htdocs...', 71)
#1 C:\xampp\htdocs\CI4\system\CodeIgniter.php(832): App\Controllers\ClubDeRugby->guarda()
#2 C:\xampp\htdocs\CI4\system\CodeIgniter.php(419): CodeIgniter\CodeIgniter->runController(Object(App\Controllers\ClubDeRugby))
#3 C:\xampp\htdocs\CI4\system\CodeIgniter.php(326): CodeIgniter\CodeIgniter->handleRequest(NULL, Object(Config\Cache), false)
#4 C:\xampp\htdocs\CI4\index.php(37): CodeIgniter\CodeIgniter->run()
#5 {main}
ERROR - 2022-11-16 13:24:53 --> You have an error in your SQL syntax; check the manual that corresponds to your MariaDB server version for the right syntax to use near ''12342795' at line 1
CRITICAL - 2022-11-16 13:24:53 --> You have an error in your SQL syntax; check the manual that corresponds to your MariaDB server version for the right syntax to use near ''12342795' at line 1
#0 C:\xampp\htdocs\CI4\system\Database\MySQLi\Connection.php(292): mysqli->query('SELECT   *  FRO...', 0)
#1 C:\xampp\htdocs\CI4\system\Database\BaseConnection.php(670): CodeIgniter\Database\MySQLi\Connection->execute('SELECT   *  FRO...')
#2 C:\xampp\htdocs\CI4\system\Database\BaseConnection.php(598): CodeIgniter\Database\BaseConnection->simpleQuery('SELECT   *  FRO...')
#3 C:\xampp\htdocs\CI4\app\Models\UserModel.php(40): CodeIgniter\Database\BaseConnection->query('SELECT   *  FRO...')
#4 C:\xampp\htdocs\CI4\app\Controllers\ClubDeRugby.php(71): App\Models\UserModel->dniFind('12342795')
#5 C:\xampp\htdocs\CI4\system\CodeIgniter.php(832): App\Controllers\ClubDeRugby->guarda()
#6 C:\xampp\htdocs\CI4\system\CodeIgniter.php(419): CodeIgniter\CodeIgniter->runController(Object(App\Controllers\ClubDeRugby))
#7 C:\xampp\htdocs\CI4\system\CodeIgniter.php(326): CodeIgniter\CodeIgniter->handleRequest(NULL, Object(Config\Cache), false)
#8 C:\xampp\htdocs\CI4\index.php(37): CodeIgniter\CodeIgniter->run()
#9 {main}
CRITICAL - 2022-11-16 13:27:07 --> Array to string conversion
#0 C:\xampp\htdocs\CI4\app\Controllers\ClubDeRugby.php(72): CodeIgniter\Debug\Exceptions->errorHandler(2, 'Array to string...', 'C:\\xampp\\htdocs...', 72)
#1 C:\xampp\htdocs\CI4\system\CodeIgniter.php(832): App\Controllers\ClubDeRugby->guarda()
#2 C:\xampp\htdocs\CI4\system\CodeIgniter.php(419): CodeIgniter\CodeIgniter->runController(Object(App\Controllers\ClubDeRugby))
#3 C:\xampp\htdocs\CI4\system\CodeIgniter.php(326): CodeIgniter\CodeIgniter->handleRequest(NULL, Object(Config\Cache), false)
#4 C:\xampp\htdocs\CI4\index.php(37): CodeIgniter\CodeIgniter->run()
#5 {main}
CRITICAL - 2022-11-16 15:30:34 -->  is_unique is not a valid rule.
#0 C:\xampp\htdocs\CI4\system\Validation\Validation.php(300): CodeIgniter\Validation\Exceptions\ValidationException::forRuleNotFound(' is_unique')
#1 C:\xampp\htdocs\CI4\system\Validation\Validation.php(157): CodeIgniter\Validation\Validation->processRules('dni', 'dni', '12342795', Array, Array)
#2 C:\xampp\htdocs\CI4\system\BaseModel.php(1347): CodeIgniter\Validation\Validation->run(Array, NULL, NULL)
#3 C:\xampp\htdocs\CI4\system\BaseModel.php(707): CodeIgniter\BaseModel->validate(Array)
#4 C:\xampp\htdocs\CI4\system\Model.php(625): CodeIgniter\BaseModel->insert(Array, true)
#5 C:\xampp\htdocs\CI4\app\Controllers\ClubDeRugby.php(75): CodeIgniter\Model->insert(Array)
#6 C:\xampp\htdocs\CI4\system\CodeIgniter.php(832): App\Controllers\ClubDeRugby->guarda()
#7 C:\xampp\htdocs\CI4\system\CodeIgniter.php(419): CodeIgniter\CodeIgniter->runController(Object(App\Controllers\ClubDeRugby))
#8 C:\xampp\htdocs\CI4\system\CodeIgniter.php(326): CodeIgniter\CodeIgniter->handleRequest(NULL, Object(Config\Cache), false)
#9 C:\xampp\htdocs\CI4\index.php(37): CodeIgniter\CodeIgniter->run()
#10 {main}
CRITICAL - 2022-11-16 15:41:59 --> alpha  is not a valid rule.
#0 C:\xampp\htdocs\CI4\system\Validation\Validation.php(300): CodeIgniter\Validation\Exceptions\ValidationException::forRuleNotFound('alpha ')
#1 C:\xampp\htdocs\CI4\system\Validation\Validation.php(157): CodeIgniter\Validation\Validation->processRules('nombre', 'nombre', 'Mark', Array, Array)
#2 C:\xampp\htdocs\CI4\system\BaseModel.php(1347): CodeIgniter\Validation\Validation->run(Array, NULL, NULL)
#3 C:\xampp\htdocs\CI4\system\BaseModel.php(707): CodeIgniter\BaseModel->validate(Array)
#4 C:\xampp\htdocs\CI4\system\Model.php(625): CodeIgniter\BaseModel->insert(Array, true)
#5 C:\xampp\htdocs\CI4\app\Controllers\ClubDeRugby.php(75): CodeIgniter\Model->insert(Array)
#6 C:\xampp\htdocs\CI4\system\CodeIgniter.php(832): App\Controllers\ClubDeRugby->guarda()
#7 C:\xampp\htdocs\CI4\system\CodeIgniter.php(419): CodeIgniter\CodeIgniter->runController(Object(App\Controllers\ClubDeRugby))
#8 C:\xampp\htdocs\CI4\system\CodeIgniter.php(326): CodeIgniter\CodeIgniter->handleRequest(NULL, Object(Config\Cache), false)
#9 C:\xampp\htdocs\CI4\index.php(37): CodeIgniter\CodeIgniter->run()
#10 {main}
CRITICAL - 2022-11-16 15:42:37 --> alpha  is not a valid rule.
#0 C:\xampp\htdocs\CI4\system\Validation\Validation.php(300): CodeIgniter\Validation\Exceptions\ValidationException::forRuleNotFound('alpha ')
#1 C:\xampp\htdocs\CI4\system\Validation\Validation.php(157): CodeIgniter\Validation\Validation->processRules('nombre', 'nombre', 'Mark', Array, Array)
#2 C:\xampp\htdocs\CI4\system\BaseModel.php(1347): CodeIgniter\Validation\Validation->run(Array, NULL, NULL)
#3 C:\xampp\htdocs\CI4\system\BaseModel.php(707): CodeIgniter\BaseModel->validate(Array)
#4 C:\xampp\htdocs\CI4\system\Model.php(625): CodeIgniter\BaseModel->insert(Array, true)
#5 C:\xampp\htdocs\CI4\app\Controllers\ClubDeRugby.php(75): CodeIgniter\Model->insert(Array)
#6 C:\xampp\htdocs\CI4\system\CodeIgniter.php(832): App\Controllers\ClubDeRugby->guarda()
#7 C:\xampp\htdocs\CI4\system\CodeIgniter.php(419): CodeIgniter\CodeIgniter->runController(Object(App\Controllers\ClubDeRugby))
#8 C:\xampp\htdocs\CI4\system\CodeIgniter.php(326): CodeIgniter\CodeIgniter->handleRequest(NULL, Object(Config\Cache), false)
#9 C:\xampp\htdocs\CI4\index.php(37): CodeIgniter\CodeIgniter->run()
#10 {main}
