CRITICAL - 2022-10-05 14:44:56 --> Call to undefined function form_open()
#0 C:\xampp\htdocs\CI4\system\View\View.php(210): include()
#1 C:\xampp\htdocs\CI4\system\View\View.php(213): CodeIgniter\View\View->CodeIgniter\View\{closure}()
#2 C:\xampp\htdocs\CI4\system\Common.php(1089): CodeIgniter\View\View->render('clubRugby/inici...', Array, true)
#3 C:\xampp\htdocs\CI4\app\Controllers\ClubDeRugby.php(14): view('clubRugby/inici...', Array)
#4 C:\xampp\htdocs\CI4\system\CodeIgniter.php(832): App\Controllers\ClubDeRugby->index()
#5 C:\xampp\htdocs\CI4\system\CodeIgniter.php(419): CodeIgniter\CodeIgniter->runController(Object(App\Controllers\ClubDeRugby))
#6 C:\xampp\htdocs\CI4\system\CodeIgniter.php(326): CodeIgniter\CodeIgniter->handleRequest(NULL, Object(Config\Cache), false)
#7 C:\xampp\htdocs\CI4\index.php(37): CodeIgniter\CodeIgniter->run()
#8 {main}
CRITICAL - 2022-10-05 14:46:14 --> Call to undefined function form_open()
#0 C:\xampp\htdocs\CI4\system\View\View.php(210): include()
#1 C:\xampp\htdocs\CI4\system\View\View.php(213): CodeIgniter\View\View->CodeIgniter\View\{closure}()
#2 C:\xampp\htdocs\CI4\system\Common.php(1089): CodeIgniter\View\View->render('clubRugby/inici...', Array, true)
#3 C:\xampp\htdocs\CI4\app\Controllers\ClubDeRugby.php(14): view('clubRugby/inici...', Array)
#4 C:\xampp\htdocs\CI4\system\CodeIgniter.php(832): App\Controllers\ClubDeRugby->index()
#5 C:\xampp\htdocs\CI4\system\CodeIgniter.php(419): CodeIgniter\CodeIgniter->runController(Object(App\Controllers\ClubDeRugby))
#6 C:\xampp\htdocs\CI4\system\CodeIgniter.php(326): CodeIgniter\CodeIgniter->handleRequest(NULL, Object(Config\Cache), false)
#7 C:\xampp\htdocs\CI4\index.php(37): CodeIgniter\CodeIgniter->run()
#8 {main}
CRITICAL - 2022-10-05 14:46:24 --> Call to undefined function form_open()
#0 C:\xampp\htdocs\CI4\system\View\View.php(210): include()
#1 C:\xampp\htdocs\CI4\system\View\View.php(213): CodeIgniter\View\View->CodeIgniter\View\{closure}()
#2 C:\xampp\htdocs\CI4\system\Common.php(1089): CodeIgniter\View\View->render('clubRugby/inici...', Array, true)
#3 C:\xampp\htdocs\CI4\app\Controllers\ClubDeRugby.php(14): view('clubRugby/inici...', Array)
#4 C:\xampp\htdocs\CI4\system\CodeIgniter.php(832): App\Controllers\ClubDeRugby->index()
#5 C:\xampp\htdocs\CI4\system\CodeIgniter.php(419): CodeIgniter\CodeIgniter->runController(Object(App\Controllers\ClubDeRugby))
#6 C:\xampp\htdocs\CI4\system\CodeIgniter.php(326): CodeIgniter\CodeIgniter->handleRequest(NULL, Object(Config\Cache), false)
#7 C:\xampp\htdocs\CI4\index.php(37): CodeIgniter\CodeIgniter->run()
#8 {main}
CRITICAL - 2022-10-05 14:47:41 --> Call to undefined function form_open()
#0 C:\xampp\htdocs\CI4\system\View\View.php(210): include()
#1 C:\xampp\htdocs\CI4\system\View\View.php(213): CodeIgniter\View\View->CodeIgniter\View\{closure}()
#2 C:\xampp\htdocs\CI4\system\Common.php(1089): CodeIgniter\View\View->render('clubRugby/inici...', Array, true)
#3 C:\xampp\htdocs\CI4\app\Controllers\ClubDeRugby.php(14): view('clubRugby/inici...', Array)
#4 C:\xampp\htdocs\CI4\system\CodeIgniter.php(832): App\Controllers\ClubDeRugby->index()
#5 C:\xampp\htdocs\CI4\system\CodeIgniter.php(419): CodeIgniter\CodeIgniter->runController(Object(App\Controllers\ClubDeRugby))
#6 C:\xampp\htdocs\CI4\system\CodeIgniter.php(326): CodeIgniter\CodeIgniter->handleRequest(NULL, Object(Config\Cache), false)
#7 C:\xampp\htdocs\CI4\index.php(37): CodeIgniter\CodeIgniter->run()
#8 {main}
CRITICAL - 2022-10-05 14:51:37 --> Call to undefined function form_open()
#0 C:\xampp\htdocs\CI4\system\View\View.php(210): include()
#1 C:\xampp\htdocs\CI4\system\View\View.php(213): CodeIgniter\View\View->CodeIgniter\View\{closure}()
#2 C:\xampp\htdocs\CI4\system\Common.php(1089): CodeIgniter\View\View->render('clubRugby/inici...', Array, true)
#3 C:\xampp\htdocs\CI4\app\Controllers\ClubDeRugby.php(14): view('clubRugby/inici...', Array)
#4 C:\xampp\htdocs\CI4\system\CodeIgniter.php(832): App\Controllers\ClubDeRugby->index()
#5 C:\xampp\htdocs\CI4\system\CodeIgniter.php(419): CodeIgniter\CodeIgniter->runController(Object(App\Controllers\ClubDeRugby))
#6 C:\xampp\htdocs\CI4\system\CodeIgniter.php(326): CodeIgniter\CodeIgniter->handleRequest(NULL, Object(Config\Cache), false)
#7 C:\xampp\htdocs\CI4\index.php(37): CodeIgniter\CodeIgniter->run()
#8 {main}
CRITICAL - 2022-10-05 14:52:08 --> Call to undefined function form_open()
#0 C:\xampp\htdocs\CI4\system\View\View.php(210): include()
#1 C:\xampp\htdocs\CI4\system\View\View.php(213): CodeIgniter\View\View->CodeIgniter\View\{closure}()
#2 C:\xampp\htdocs\CI4\system\Common.php(1089): CodeIgniter\View\View->render('clubRugby/inici...', Array, true)
#3 C:\xampp\htdocs\CI4\app\Controllers\ClubDeRugby.php(14): view('clubRugby/inici...', Array)
#4 C:\xampp\htdocs\CI4\system\CodeIgniter.php(832): App\Controllers\ClubDeRugby->index()
#5 C:\xampp\htdocs\CI4\system\CodeIgniter.php(419): CodeIgniter\CodeIgniter->runController(Object(App\Controllers\ClubDeRugby))
#6 C:\xampp\htdocs\CI4\system\CodeIgniter.php(326): CodeIgniter\CodeIgniter->handleRequest(NULL, Object(Config\Cache), false)
#7 C:\xampp\htdocs\CI4\index.php(37): CodeIgniter\CodeIgniter->run()
#8 {main}
CRITICAL - 2022-10-05 14:52:24 --> Call to undefined function form_open()
#0 C:\xampp\htdocs\CI4\system\View\View.php(210): include()
#1 C:\xampp\htdocs\CI4\system\View\View.php(213): CodeIgniter\View\View->CodeIgniter\View\{closure}()
#2 C:\xampp\htdocs\CI4\system\Common.php(1089): CodeIgniter\View\View->render('clubRugby/inici...', Array, true)
#3 C:\xampp\htdocs\CI4\app\Controllers\ClubDeRugby.php(14): view('clubRugby/inici...', Array)
#4 C:\xampp\htdocs\CI4\system\CodeIgniter.php(832): App\Controllers\ClubDeRugby->index()
#5 C:\xampp\htdocs\CI4\system\CodeIgniter.php(419): CodeIgniter\CodeIgniter->runController(Object(App\Controllers\ClubDeRugby))
#6 C:\xampp\htdocs\CI4\system\CodeIgniter.php(326): CodeIgniter\CodeIgniter->handleRequest(NULL, Object(Config\Cache), false)
#7 C:\xampp\htdocs\CI4\index.php(37): CodeIgniter\CodeIgniter->run()
#8 {main}
CRITICAL - 2022-10-05 14:54:40 --> Call to undefined function form_close()
#0 C:\xampp\htdocs\CI4\system\View\View.php(210): include()
#1 C:\xampp\htdocs\CI4\system\View\View.php(213): CodeIgniter\View\View->CodeIgniter\View\{closure}()
#2 C:\xampp\htdocs\CI4\system\Common.php(1089): CodeIgniter\View\View->render('clubRugby/inici...', Array, true)
#3 C:\xampp\htdocs\CI4\app\Controllers\ClubDeRugby.php(14): view('clubRugby/inici...', Array)
#4 C:\xampp\htdocs\CI4\system\CodeIgniter.php(832): App\Controllers\ClubDeRugby->index()
#5 C:\xampp\htdocs\CI4\system\CodeIgniter.php(419): CodeIgniter\CodeIgniter->runController(Object(App\Controllers\ClubDeRugby))
#6 C:\xampp\htdocs\CI4\system\CodeIgniter.php(326): CodeIgniter\CodeIgniter->handleRequest(NULL, Object(Config\Cache), false)
#7 C:\xampp\htdocs\CI4\index.php(37): CodeIgniter\CodeIgniter->run()
#8 {main}
